<?xml version="1.0" encoding="UTF-8"?>
<testng-results skipped="0" failed="0" ignored="0" total="1" passed="1">
  <reporter-output>
  </reporter-output>
  <suite name="Default suite" duration-ms="9201" started-at="2021-04-25T06:16:15Z" finished-at="2021-04-25T06:16:24Z">
    <groups>
    </groups>
    <test name="Default test" duration-ms="9201" started-at="2021-04-25T06:16:15Z" finished-at="2021-04-25T06:16:24Z">
      <class name="demo.TestChrome">
        <test-method status="PASS" signature="TestChrome()[pri:0, instance:demo.TestChrome@56f4468b]" name="TestChrome" duration-ms="9156" started-at="2021-04-25T06:16:15Z" finished-at="2021-04-25T06:16:24Z">
          <reporter-output>
          </reporter-output>
        </test-method> <!-- TestChrome -->
      </class> <!-- demo.TestChrome -->
    </test> <!-- Default test -->
  </suite> <!-- Default suite -->
</testng-results>
