<?xml version="1.0" encoding="UTF-8"?>
<!-- Generated by org.testng.reporters.JUnitXMLReporter -->
<testsuite hostname="DELL" ignored="0" name="Test" tests="3" failures="0" timestamp="12 Mar 2021 00:42:29 GMT" time="10.413" errors="0">
  <testcase name="excutesessionOne" time="9.267" classname="parallelexecution.ParallelTest"/>
  <testcase name="excutesessionthird" time="9.932" classname="parallelexecution.ParallelTest"/>
  <testcase name="excutesessiontwo" time="10.355" classname="parallelexecution.ParallelTest"/>
</testsuite> <!-- Test -->
